<?xml version="1.0" encoding="UTF-8"?>
<testsuite name="AppTest" tests="1" skipped="0" failures="0" errors="0" timestamp="2021-11-29T06:28:43" hostname="parul5-ROG-Strix-G531GT-G531GT" time="0.0">
  <properties/>
  <testcase name="testApp" classname="AppTest" time="0.0"/>
  <system-out><![CDATA[]]></system-out>
  <system-err><![CDATA[]]></system-err>
</testsuite>
